3380,3386d3379
< 	//mobileDomains
<     private String origin = null; //the origin of the Intent instance
<     /**
<      * {@hide}
<      */
< 	public String allowedRecipientOrigins = null; //allowedRecipientOrigins set by the app developer for this intent
< 
3389,3426d3381
<     //mobileDomains: getOrigin
<     /**
<      * {@hide}
<      */
<     public String getOrigin() {
< 		return origin;
<     }
< 	/**
<      * {@hide}
<      */
<     public void setOrigin(String origin) {
< 		this.origin =  origin;
<     }
< 	/**
<      * {@hide}
<      */
<     public String getAllowedRecipientOrigins() {
< 		return allowedRecipientOrigins;
<     }
< 	/**
<      * {@hide}
<      */
<     public void setAllowedRecipientOrigins(String allowedRecipientOrigins) {
< 		this.allowedRecipientOrigins = allowedRecipientOrigins;
<     }
< 
< 	//mobileDomains: label the origin of the Intent instance
< 	/**
< 	 *
< 	 */
< 	private void labelOrigin() {
< 		String pkgName = Thread.currentThread().getThreadGroup().getPackageName();
< 		if (pkgName != null) {
< 			this.origin = "app://"+pkgName;
< 			if (Thread.debugForMobileDomains) Log.d("mobileDomains","Intent::labelOrigin(), origin="+origin);
< 		}
< 	}
< 
3431,3432d3385
< 		//mobileDomains:
< 		labelOrigin();
3439,3442d3391
< 		//mobileDomains:
< 		//Log.d("mobileDomains","Intent::Intent(Intent o),o.origin="+o.origin);
< 		this.origin = o.origin;
< 
3472,3474d3420
< 		//mobileDomains:
< 		this.origin = o.origin;
< 
3504,3506d3449
< 		//mobileDomains:
< 		//labelOrigin();
< 
3527,3529d3469
< 		//mobileDomains:
< 		labelOrigin();
< 
3551,3553d3490
< 		//mobileDomains:
< 		labelOrigin();
< 
3582,3584d3518
< 		//mobileDomains:
< 		labelOrigin();
< 
6689,6696d6622
< 		//mobileDomains: handle Parcel
< 		if (origin != null) {
< 			out.writeInt(1);
< 			out.writeString(origin);
< 		} else {
< 			out.writeInt(0);
< 		}
< 
6753,6757d6678
< 		//mobileDomains: handle Parcel
< 		if (in.readInt() != 0) {
< 			origin = in.readString();
< 		}
< 
