92,138d91
< 	//mobileDomains: find the scheme from URL
< 	/**
< 	 * @hide
< 	 */
< 	public static String getSchemeFromURL(String url) {
< 		if (url == null) return null;
< 
< 		int i = url.indexOf("://");
< 		if (i > 0) {
< 			return url.substring(0,i);
< 		} else {
< 			return null;
< 		}
< 	}
< 	/** get Uri part from URL. Uri is scheme://host
< 	 * @hide
< 	 */
< 	public static String getSchmeAndHostFromURL(String url) {
< 		if (url == null) return null;
< 
< 		String scheme,host;
< 		int i = url.indexOf("://");
< 		if (i > 0) {
< 			scheme = url.substring(0,i);
< 			i += 3;
< 		} else {
< 			scheme = "http"; //if no scheme, we assume it is http
< 			i = 0;
< 		}
< 
< 		int k = url.indexOf("/",i);
< 		if (k > 0) {
< 			host = url.substring(i,k);
< 		} else {
< 			host = url.substring(i); //the whole string after index i is the host
< 		}
< 		i = host.indexOf(":");
< 		if (i > 0) {
< 			host = host.substring(0,i);
< 		}
< 
< 		if (scheme.compareTo("http") == 0 || scheme.compareTo("https") == 0) //it is http/https
< 			return scheme+"://"+host;
< 		else //it is custom scheme, we only return the scheme part
< 			return scheme;
< 	}
< 
92,138d91
< 	//mobileDomains: find the scheme from URL
< 	/**
< 	 * @hide
< 	 */
< 	public static String getSchemeFromURL(String url) {
< 		if (url == null) return null;
< 
< 		int i = url.indexOf("://");
< 		if (i > 0) {
< 			return url.substring(0,i);
< 		} else {
< 			return null;
< 		}
< 	}
< 	/** get Uri part from URL. Uri is scheme://host
< 	 * @hide
< 	 */
< 	public static String getSchmeAndHostFromURL(String url) {
< 		if (url == null) return null;
< 
< 		String scheme,host;
< 		int i = url.indexOf("://");
< 		if (i > 0) {
< 			scheme = url.substring(0,i);
< 			i += 3;
< 		} else {
< 			scheme = "http"; //if no scheme, we assume it is http
< 			i = 0;
< 		}
< 
< 		int k = url.indexOf("/",i);
< 		if (k > 0) {
< 			host = url.substring(i,k);
< 		} else {
< 			host = url.substring(i); //the whole string after index i is the host
< 		}
< 		i = host.indexOf(":");
< 		if (i > 0) {
< 			host = host.substring(0,i);
< 		}
< 
< 		if (scheme.compareTo("http") == 0 || scheme.compareTo("https") == 0) //it is http/https
< 			return scheme+"://"+host;
< 		else //it is custom scheme, we only return the scheme part
< 			return scheme;
< 	}
< 
92,138d91
< 	//mobileDomains: find the scheme from URL
< 	/**
< 	 * @hide
< 	 */
< 	public static String getSchemeFromURL(String url) {
< 		if (url == null) return null;
< 
< 		int i = url.indexOf("://");
< 		if (i > 0) {
< 			return url.substring(0,i);
< 		} else {
< 			return null;
< 		}
< 	}
< 	/** get Uri part from URL. Uri is scheme://host
< 	 * @hide
< 	 */
< 	public static String getSchmeAndHostFromURL(String url) {
< 		if (url == null) return null;
< 
< 		String scheme,host;
< 		int i = url.indexOf("://");
< 		if (i > 0) {
< 			scheme = url.substring(0,i);
< 			i += 3;
< 		} else {
< 			scheme = "http"; //if no scheme, we assume it is http
< 			i = 0;
< 		}
< 
< 		int k = url.indexOf("/",i);
< 		if (k > 0) {
< 			host = url.substring(i,k);
< 		} else {
< 			host = url.substring(i); //the whole string after index i is the host
< 		}
< 		i = host.indexOf(":");
< 		if (i > 0) {
< 			host = host.substring(0,i);
< 		}
< 
< 		if (scheme.compareTo("http") == 0 || scheme.compareTo("https") == 0) //it is http/https
< 			return scheme+"://"+host;
< 		else //it is custom scheme, we only return the scheme part
< 			return scheme;
< 	}
< 
