35,37d34
< //mobileDoamins
< import android.os.Bundle;
< 
270,340d266
<     //mobileDomains: cmd
<     /**
<      * @hide
<      */
<     public static final int SPECIFY_SENDER_ORIGINS_WEBVIEWCLIENT = 1;
<     /**
<      * @hide
<      */
<     public static final int SPECIFY_SENDER_ORIGINS_INTENT = 2;
<     /**
<      * @hide
<      */
<     public static final int SPECIFY_SENDER_ORIGINS_SCHEME = 3;
<     /**
<      * @hide
<      */
<     public static final int SPECIFY_RECIPIENT_ORIGINS_WEBVIEW = 4;
<     /**
<      * @hide
<      */
<     public static final int SPECIFY_RECIPIENT_ORIGINS_INTENT = 5;
<     /**
<      * @hide
<      */
<     public static final int SPECIFY_RECIPIENT_ORIGINS_SCHEME = 6;
<     /**
<      * @hide
<      */
< 	public static final int SPECIFY_SENDER_ORIGINS_WEB = 7;
< 	/**
<      * @hide
<      */
< 	public static final int SPECIFY_RECIPIENT_ORIGINS_WEB = 8;
< 
<     /**
<      * @hide
<      */
<     public static final int CHECK_SENDER_WEBVIEWCLIENT = 1;
<     /**
<      * @hide
<      */
<     public static final int CHECK_SENDER_INTENT = 2;
<     /**
<      * @hide
<      */
<     public static final int CHECK_SENDER_SCHEME = 3;
<     /**
<      * @hide
<      */
<     public static final int CHECK_RECIPIENT_WEBVIEW = 4;
<     /**
<      * @hide
<      */
<     public static final int CHECK_RECIPIENT_INTENT = 5;
<     /**
<      * @hide
<      */
<     public static final int CHECK_RECIPIENT_SCHEME = 6;
<    /**
<      * @hide
<      */
<     public static final int CHECK_SENDER_WEB = 7;
<    /**
<      * @hide
<      */
<     public static final int CHECK_RECIPIENT_WEB = 8;
<    /**
<      * @hide
<      */
< 	public static final Bundle schemeToApp = new Bundle();
< 
1304,1314d1229
<     //mobileDomains:
<     /**
<      * @hide
<      */
<     public abstract void setOriginPolicy(int cmd,String targetOrigin,String allowedOrigins,String entryPoint);
< 
<     /**
<      * @hide
<      */
<     public abstract boolean checkOriginPolicy(int cmd,String senderOrigin,String recipientOrigin,String entryPoint);
< 
35,37d34
< //mobileDoamins
< import android.os.Bundle;
< 
270,340d266
<     //mobileDomains: cmd
<     /**
<      * @hide
<      */
<     public static final int SPECIFY_SENDER_ORIGINS_WEBVIEWCLIENT = 1;
<     /**
<      * @hide
<      */
<     public static final int SPECIFY_SENDER_ORIGINS_INTENT = 2;
<     /**
<      * @hide
<      */
<     public static final int SPECIFY_SENDER_ORIGINS_SCHEME = 3;
<     /**
<      * @hide
<      */
<     public static final int SPECIFY_RECIPIENT_ORIGINS_WEBVIEW = 4;
<     /**
<      * @hide
<      */
<     public static final int SPECIFY_RECIPIENT_ORIGINS_INTENT = 5;
<     /**
<      * @hide
<      */
<     public static final int SPECIFY_RECIPIENT_ORIGINS_SCHEME = 6;
<     /**
<      * @hide
<      */
< 	public static final int SPECIFY_SENDER_ORIGINS_WEB = 7;
< 	/**
<      * @hide
<      */
< 	public static final int SPECIFY_RECIPIENT_ORIGINS_WEB = 8;
< 
<     /**
<      * @hide
<      */
<     public static final int CHECK_SENDER_WEBVIEWCLIENT = 1;
<     /**
<      * @hide
<      */
<     public static final int CHECK_SENDER_INTENT = 2;
<     /**
<      * @hide
<      */
<     public static final int CHECK_SENDER_SCHEME = 3;
<     /**
<      * @hide
<      */
<     public static final int CHECK_RECIPIENT_WEBVIEW = 4;
<     /**
<      * @hide
<      */
<     public static final int CHECK_RECIPIENT_INTENT = 5;
<     /**
<      * @hide
<      */
<     public static final int CHECK_RECIPIENT_SCHEME = 6;
<    /**
<      * @hide
<      */
<     public static final int CHECK_SENDER_WEB = 7;
<    /**
<      * @hide
<      */
<     public static final int CHECK_RECIPIENT_WEB = 8;
<    /**
<      * @hide
<      */
< 	public static final Bundle schemeToApp = new Bundle();
< 
1304,1314d1229
<     //mobileDomains:
<     /**
<      * @hide
<      */
<     public abstract void setOriginPolicy(int cmd,String targetOrigin,String allowedOrigins,String entryPoint);
< 
<     /**
<      * @hide
<      */
<     public abstract boolean checkOriginPolicy(int cmd,String senderOrigin,String recipientOrigin,String entryPoint);
< 
35,37d34
< //mobileDoamins
< import android.os.Bundle;
< 
270,340d266
<     //mobileDomains: cmd
<     /**
<      * @hide
<      */
<     public static final int SPECIFY_SENDER_ORIGINS_WEBVIEWCLIENT = 1;
<     /**
<      * @hide
<      */
<     public static final int SPECIFY_SENDER_ORIGINS_INTENT = 2;
<     /**
<      * @hide
<      */
<     public static final int SPECIFY_SENDER_ORIGINS_SCHEME = 3;
<     /**
<      * @hide
<      */
<     public static final int SPECIFY_RECIPIENT_ORIGINS_WEBVIEW = 4;
<     /**
<      * @hide
<      */
<     public static final int SPECIFY_RECIPIENT_ORIGINS_INTENT = 5;
<     /**
<      * @hide
<      */
<     public static final int SPECIFY_RECIPIENT_ORIGINS_SCHEME = 6;
<     /**
<      * @hide
<      */
< 	public static final int SPECIFY_SENDER_ORIGINS_WEB = 7;
< 	/**
<      * @hide
<      */
< 	public static final int SPECIFY_RECIPIENT_ORIGINS_WEB = 8;
< 
<     /**
<      * @hide
<      */
<     public static final int CHECK_SENDER_WEBVIEWCLIENT = 1;
<     /**
<      * @hide
<      */
<     public static final int CHECK_SENDER_INTENT = 2;
<     /**
<      * @hide
<      */
<     public static final int CHECK_SENDER_SCHEME = 3;
<     /**
<      * @hide
<      */
<     public static final int CHECK_RECIPIENT_WEBVIEW = 4;
<     /**
<      * @hide
<      */
<     public static final int CHECK_RECIPIENT_INTENT = 5;
<     /**
<      * @hide
<      */
<     public static final int CHECK_RECIPIENT_SCHEME = 6;
<    /**
<      * @hide
<      */
<     public static final int CHECK_SENDER_WEB = 7;
<    /**
<      * @hide
<      */
<     public static final int CHECK_RECIPIENT_WEB = 8;
<    /**
<      * @hide
<      */
< 	public static final Bundle schemeToApp = new Bundle();
< 
1304,1314d1229
<     //mobileDomains:
<     /**
<      * @hide
<      */
<     public abstract void setOriginPolicy(int cmd,String targetOrigin,String allowedOrigins,String entryPoint);
< 
<     /**
<      * @hide
<      */
<     public abstract boolean checkOriginPolicy(int cmd,String senderOrigin,String recipientOrigin,String entryPoint);
< 
